<?xml version="1.0" encoding="UTF-8"?>
<testsuite xmlns:xsi="http://www.w3.org/2001/XMLSchema-instance" xsi:noNamespaceSchemaLocation="https://maven.apache.org/surefire/maven-surefire-plugin/xsd/surefire-test-report-3.0.xsd" version="3.0" name="components_Test.Campo_Test" time="0.704" tests="6" errors="0" skipped="0" failures="0">
  <properties>
    <property name="sun.desktop" value="windows"/>
    <property name="awt.toolkit" value="sun.awt.windows.WToolkit"/>
    <property name="file.encoding.pkg" value="sun.io"/>
    <property name="java.specification.version" value="1.8"/>
    <property name="sun.cpu.isalist" value="amd64"/>
    <property name="sun.jnu.encoding" value="Cp1252"/>
    <property name="java.class.path" value="C:\Users\filip\Desktop\IngSw\workspace\ingsw\MatchPoint\target\test-classes;C:\Users\filip\Desktop\IngSw\workspace\ingsw\MatchPoint\target\classes;C:\Users\filip\.m2\repository\com\formdev\flatlaf\3.1\flatlaf-3.1.jar;C:\Users\filip\.m2\repository\org\swinglabs\swingx\swingx-all\1.6.5-1\swingx-all-1.6.5-1.jar;C:\Users\filip\.m2\repository\com\formdev\flatlaf-extras\3.1\flatlaf-extras-3.1.jar;C:\Users\filip\.m2\repository\com\formdev\svgSalamander\1.1.3\svgSalamander-1.1.3.jar;C:\Users\filip\.m2\repository\org\jdatepicker\jdatepicker\1.3.4\jdatepicker-1.3.4.jar;C:\Users\filip\.m2\repository\org\xerial\sqlite-jdbc\3.47.0.0\sqlite-jdbc-3.47.0.0.jar;C:\Users\filip\.m2\repository\junit\junit\4.13.2\junit-4.13.2.jar;C:\Users\filip\.m2\repository\org\hamcrest\hamcrest-core\1.3\hamcrest-core-1.3.jar;"/>
    <property name="java.vm.vendor" value="Oracle Corporation"/>
    <property name="sun.arch.data.model" value="64"/>
    <property name="user.variant" value=""/>
    <property name="java.vendor.url" value="http://java.oracle.com/"/>
    <property name="user.timezone" value="Europe/Berlin"/>
    <property name="java.vm.specification.version" value="1.8"/>
    <property name="os.name" value="Windows 10"/>
    <property name="user.country" value="IT"/>
    <property name="sun.java.launcher" value="SUN_STANDARD"/>
    <property name="sun.boot.library.path" value="C:\Program Files\Java\jdk1.8.0_144\jre\bin"/>
    <property name="sun.java.command" value="C:\Users\filip\AppData\Local\Temp\surefire383053711564879786\surefirebooter-20250119162242030_3.jar C:\Users\filip\AppData\Local\Temp\surefire383053711564879786 2025-01-19T16-22-41_933-jvmRun1 surefire-20250119162242030_1tmp surefire_0-20250119162242030_2tmp"/>
    <property name="surefire.test.class.path" value="C:\Users\filip\Desktop\IngSw\workspace\ingsw\MatchPoint\target\test-classes;C:\Users\filip\Desktop\IngSw\workspace\ingsw\MatchPoint\target\classes;C:\Users\filip\.m2\repository\com\formdev\flatlaf\3.1\flatlaf-3.1.jar;C:\Users\filip\.m2\repository\org\swinglabs\swingx\swingx-all\1.6.5-1\swingx-all-1.6.5-1.jar;C:\Users\filip\.m2\repository\com\formdev\flatlaf-extras\3.1\flatlaf-extras-3.1.jar;C:\Users\filip\.m2\repository\com\formdev\svgSalamander\1.1.3\svgSalamander-1.1.3.jar;C:\Users\filip\.m2\repository\org\jdatepicker\jdatepicker\1.3.4\jdatepicker-1.3.4.jar;C:\Users\filip\.m2\repository\org\xerial\sqlite-jdbc\3.47.0.0\sqlite-jdbc-3.47.0.0.jar;C:\Users\filip\.m2\repository\junit\junit\4.13.2\junit-4.13.2.jar;C:\Users\filip\.m2\repository\org\hamcrest\hamcrest-core\1.3\hamcrest-core-1.3.jar;"/>
    <property name="sun.cpu.endian" value="little"/>
    <property name="user.home" value="C:\Users\filip"/>
    <property name="user.language" value="it"/>
    <property name="java.specification.vendor" value="Oracle Corporation"/>
    <property name="java.home" value="C:\Program Files\Java\jdk1.8.0_144\jre"/>
    <property name="basedir" value="C:\Users\filip\Desktop\IngSw\workspace\ingsw\MatchPoint"/>
    <property name="style.color" value="always"/>
    <property name="file.separator" value="\"/>
    <property name="line.separator" value="&#10;"/>
    <property name="java.vm.specification.vendor" value="Oracle Corporation"/>
    <property name="java.specification.name" value="Java Platform API Specification"/>
    <property name="java.awt.graphicsenv" value="sun.awt.Win32GraphicsEnvironment"/>
    <property name="surefire.real.class.path" value="C:\Users\filip\AppData\Local\Temp\surefire383053711564879786\surefirebooter-20250119162242030_3.jar;C:\\Users\\filip\\.m2\\repository\\org\\jacoco\\org.jacoco.agent\\0.8.10\\org.jacoco.agent-0.8.10-runtime.jar"/>
    <property name="sun.boot.class.path" value="C:\Program Files\Java\jdk1.8.0_144\jre\lib\resources.jar;C:\Program Files\Java\jdk1.8.0_144\jre\lib\rt.jar;C:\Program Files\Java\jdk1.8.0_144\jre\lib\sunrsasign.jar;C:\Program Files\Java\jdk1.8.0_144\jre\lib\jsse.jar;C:\Program Files\Java\jdk1.8.0_144\jre\lib\jce.jar;C:\Program Files\Java\jdk1.8.0_144\jre\lib\charsets.jar;C:\Program Files\Java\jdk1.8.0_144\jre\lib\jfr.jar;C:\Program Files\Java\jdk1.8.0_144\jre\classes"/>
    <property name="user.script" value=""/>
    <property name="sun.management.compiler" value="HotSpot 64-Bit Tiered Compilers"/>
    <property name="java.runtime.version" value="1.8.0_144-b01"/>
    <property name="user.name" value="filip"/>
    <property name="path.separator" value=";"/>
    <property name="os.version" value="10.0"/>
    <property name="java.endorsed.dirs" value="C:\Program Files\Java\jdk1.8.0_144\jre\lib\endorsed"/>
    <property name="java.runtime.name" value="Java(TM) SE Runtime Environment"/>
    <property name="file.encoding" value="Cp1252"/>
    <property name="java.vm.name" value="Java HotSpot(TM) 64-Bit Server VM"/>
    <property name="localRepository" value="C:\Users\filip\.m2\repository"/>
    <property name="java.vendor.url.bug" value="http://bugreport.sun.com/bugreport/"/>
    <property name="java.io.tmpdir" value="C:\Users\filip\AppData\Local\Temp\"/>
    <property name="java.version" value="1.8.0_144"/>
    <property name="user.dir" value="C:\Users\filip\Desktop\IngSw\workspace\ingsw\MatchPoint"/>
    <property name="os.arch" value="amd64"/>
    <property name="java.vm.specification.name" value="Java Virtual Machine Specification"/>
    <property name="java.awt.printerjob" value="sun.awt.windows.WPrinterJob"/>
    <property name="sun.os.patch.level" value=""/>
    <property name="java.library.path" value="C:\Program Files\Java\jdk1.8.0_144\jre\bin;C:\WINDOWS\Sun\Java\bin;C:\WINDOWS\system32;C:\WINDOWS;C:/Users/filip/.p2/pool/plugins/org.eclipse.justj.openjdk.hotspot.jre.full.win32.x86_64_23.0.1.v20241024-1700/jre/bin/server;C:/Users/filip/.p2/pool/plugins/org.eclipse.justj.openjdk.hotspot.jre.full.win32.x86_64_23.0.1.v20241024-1700/jre/bin;C:\Program Files (x86)\Common Files\Oracle\Java\java8path;C:\Program Files (x86)\Common Files\Oracle\Java\javapath;C:\WINDOWS\system32;C:\WINDOWS;C:\WINDOWS\System32\Wbem;C:\WINDOWS\System32\WindowsPowerShell\v1.0\;C:\WINDOWS\System32\OpenSSH\;C:\Program Files\Git\cmd;C:\Program Files\HP\HP One Agent;C:\Users\filip\AppData\Local\Microsoft\WindowsApps;C:\Users\filip\AppData\Local\Programs\Microsoft VS Code\bin;C:\Program Files\Java\jdk1.8.0_144\bin;C:\Users\filip\AppData\Local\GitHubDesktop\bin;C:\Users\filip\Desktop;;."/>
    <property name="java.vm.info" value="mixed mode"/>
    <property name="java.vendor" value="Oracle Corporation"/>
    <property name="java.vm.version" value="25.144-b01"/>
    <property name="java.ext.dirs" value="C:\Program Files\Java\jdk1.8.0_144\jre\lib\ext;C:\WINDOWS\Sun\Java\lib\ext"/>
    <property name="sun.io.unicode.encoding" value="UnicodeLittle"/>
    <property name="java.class.version" value="52.0"/>
  </properties>
  <testcase name="testClone" classname="components_Test.Campo_Test" time="0.527"/>
  <testcase name="testCostruttoreConID" classname="components_Test.Campo_Test" time="0.0"/>
  <testcase name="testCostruttoreBase" classname="components_Test.Campo_Test" time="0.001"/>
  <testcase name="testHashCode" classname="components_Test.Campo_Test" time="0.002"/>
  <testcase name="testEquals" classname="components_Test.Campo_Test" time="0.002"/>
  <testcase name="testCostruttoreCompleto" classname="components_Test.Campo_Test" time="0.002"/>
</testsuite>